TN:
SF:/Users/Raid/Mastering_Ethereum/DevelopingFirstDapp/Testing/contracts/contracts/ECDSA.sol
FN:10,recover
FNF:1
FNH:1
FNDA:56,recover
DA:15,56
DA:16,56
DA:17,56
DA:20,56
DA:21,14
DA:25,42
DA:32,42
DA:33,0
DA:37,42
DA:38,0
DA:41,42
LF:11
LH:9
BRDA:20,1,0,14
BRDA:20,1,1,42
BRDA:32,2,0,0
BRDA:32,2,1,42
BRDA:37,3,0,0
BRDA:37,3,1,42
BRF:6
BRH:4
end_of_record
TN:
SF:/Users/Raid/Mastering_Ethereum/DevelopingFirstDapp/Testing/contracts/contracts/FirstERC.sol
FN:42,constructor
FN:49,totalSupply
FN:56,balanceOf
FN:68,transfer
FN:76,allowance
FN:87,approve
FN:104,transferFrom
FN:122,increaseAllowance
FN:141,decreaseAllowance
FN:160,_transfer
FN:178,_mint
FN:197,_burn
FN:218,_approve
FN:232,_burnFrom
FNF:14
FNH:9
FNDA:2,constructor
FNDA:0,totalSupply
FNDA:1,balanceOf
FNDA:6,transfer
FNDA:12,allowance
FNDA:0,approve
FNDA:7,transferFrom
FNDA:2,increaseAllowance
FNDA:0,decreaseAllowance
FNDA:13,_transfer
FNDA:2,_mint
FNDA:0,_burn
FNDA:9,_approve
FNDA:0,_burnFrom
DA:43,2
DA:50,0
DA:57,1
DA:69,6
DA:70,6
DA:77,12
DA:88,0
DA:89,0
DA:105,7
DA:106,7
DA:107,7
DA:123,2
DA:124,2
DA:142,0
DA:143,0
DA:161,13
DA:162,13
DA:164,13
DA:165,13
DA:166,13
DA:179,2
DA:181,2
DA:182,2
DA:183,2
DA:198,0
DA:200,0
DA:201,0
DA:202,0
DA:219,9
DA:220,9
DA:222,9
DA:223,9
DA:233,0
DA:234,0
LF:34
LH:23
BRDA:161,1,0,13
BRDA:161,1,1,0
BRDA:162,2,0,13
BRDA:162,2,1,0
BRDA:179,3,0,2
BRDA:179,3,1,0
BRDA:198,4,0,0
BRDA:198,4,1,0
BRDA:219,5,0,9
BRDA:219,5,1,0
BRDA:220,6,0,9
BRDA:220,6,1,0
BRF:12
BRH:5
end_of_record
TN:
SF:/Users/Raid/Mastering_Ethereum/DevelopingFirstDapp/Testing/contracts/contracts/Multisig.sol
FN:24,constructor
FN:28,setDailyLimit
FN:37,withdrawLimit
FN:45,deposit_CIx
FN:52,deposit
FN:61,verifyTransaction_26e
FN:84,recoverFundsToSafeAddress
FN:98,recoverFunds
FNF:8
FNH:8
FNDA:2,constructor
FNDA:5,setDailyLimit
FNDA:3,withdrawLimit
FNDA:5,deposit_CIx
FNDA:4,deposit
FNDA:15,verifyTransaction_26e
FNDA:7,recoverFundsToSafeAddress
FNDA:5,recoverFunds
DA:25,2
DA:29,5
DA:30,5
DA:31,3
DA:32,3
DA:33,3
DA:34,3
DA:38,3
DA:39,3
DA:40,1
DA:41,1
DA:42,1
DA:48,5
DA:49,5
DA:55,4
DA:56,2
DA:57,2
DA:58,2
DA:65,15
DA:66,15
DA:67,13
DA:68,13
DA:69,11
DA:70,8
DA:71,4
DA:72,2
DA:74,4
DA:76,4
DA:78,7
DA:79,7
DA:80,7
DA:81,7
DA:91,7
DA:92,5
DA:93,3
DA:94,1
DA:95,1
DA:105,5
DA:106,3
DA:107,1
DA:108,1
LF:41
LH:41
BRDA:30,1,0,3
BRDA:30,1,1,2
BRDA:39,2,0,1
BRDA:39,2,1,2
BRDA:55,3,0,2
BRDA:55,3,1,2
BRDA:66,4,0,13
BRDA:66,4,1,2
BRDA:68,5,0,11
BRDA:68,5,1,2
BRDA:69,6,0,8
BRDA:69,6,1,3
BRDA:70,7,0,4
BRDA:70,7,1,4
BRDA:71,8,0,2
BRDA:71,8,1,2
BRDA:74,9,0,2
BRDA:74,9,1,2
BRDA:91,10,0,5
BRDA:91,10,1,2
BRDA:92,11,0,3
BRDA:92,11,1,2
BRDA:93,12,0,1
BRDA:93,12,1,2
BRDA:105,13,0,3
BRDA:105,13,1,2
BRDA:106,14,0,1
BRDA:106,14,1,2
BRF:28
BRH:28
end_of_record
TN:
SF:/Users/Raid/Mastering_Ethereum/DevelopingFirstDapp/Testing/contracts/contracts/MultisigERC20.sol
FN:25,onlyOwner
FN:30,constructor
FN:35,addNewToken
FN:45,removeToken
FN:56,setDailyLimit
FN:65,withdrawLimit
FN:74,depositFunds_xur
FN:91,depositFunds
FN:111,verifyTransaction__ef
FN:142,recoverFundsToSafeAddress
FN:152,recoverFunds
FNF:11
FNH:11
FNDA:5,onlyOwner
FNDA:2,constructor
FNDA:2,addNewToken
FNDA:3,removeToken
FNDA:3,setDailyLimit
FNDA:1,withdrawLimit
FNDA:10,depositFunds_xur
FNDA:7,depositFunds
FNDA:12,verifyTransaction__ef
FNDA:7,recoverFundsToSafeAddress
FNDA:5,recoverFunds
DA:26,5
DA:27,5
DA:31,2
DA:39,2
DA:41,2
DA:49,3
DA:51,1
DA:53,1
DA:57,3
DA:58,3
DA:59,2
DA:60,2
DA:61,2
DA:62,2
DA:66,1
DA:67,1
DA:68,1
DA:69,1
DA:70,1
DA:71,1
DA:75,10
DA:77,8
DA:78,8
DA:80,8
DA:82,8
DA:84,6
DA:86,6
DA:87,6
DA:88,6
DA:92,7
DA:93,5
DA:95,3
DA:96,3
DA:98,3
DA:100,3
DA:102,1
DA:104,1
DA:105,1
DA:106,1
DA:107,1
DA:120,12
DA:121,12
DA:122,10
DA:123,10
DA:124,8
DA:125,7
DA:126,3
DA:127,1
DA:129,4
DA:131,3
DA:133,4
DA:135,4
DA:136,4
DA:137,4
DA:138,4
DA:139,4
DA:143,7
DA:144,5
DA:145,3
DA:146,1
DA:147,1
DA:148,1
DA:149,1
DA:153,5
DA:154,3
DA:155,1
DA:156,1
DA:157,1
DA:158,1
LF:69
LH:69
BRDA:26,1,0,5
BRDA:26,1,1,0
BRDA:49,2,0,1
BRDA:49,2,1,2
BRDA:58,3,0,2
BRDA:58,3,1,1
BRDA:67,4,0,1
BRDA:67,4,1,0
BRDA:75,5,0,8
BRDA:75,5,1,2
BRDA:82,6,0,6
BRDA:82,6,1,2
BRDA:92,7,0,5
BRDA:92,7,1,2
BRDA:93,8,0,3
BRDA:93,8,1,2
BRDA:100,9,0,1
BRDA:100,9,1,2
BRDA:121,10,0,10
BRDA:121,10,1,2
BRDA:123,11,0,8
BRDA:123,11,1,2
BRDA:124,12,0,7
BRDA:124,12,1,1
BRDA:125,13,0,3
BRDA:125,13,1,4
BRDA:126,14,0,1
BRDA:126,14,1,2
BRDA:129,15,0,2
BRDA:129,15,1,2
BRDA:143,16,0,5
BRDA:143,16,1,2
BRDA:144,17,0,3
BRDA:144,17,1,2
BRDA:145,18,0,1
BRDA:145,18,1,2
BRDA:153,19,0,3
BRDA:153,19,1,2
BRDA:154,20,0,1
BRDA:154,20,1,2
BRF:40
BRH:38
end_of_record
TN:
SF:/Users/Raid/Mastering_Ethereum/DevelopingFirstDapp/Testing/contracts/contracts/SafeMath.sol
FN:26,add
FN:42,sub
FN:58,sub
FN:74,mul
FN:99,div
FN:116,div
FN:136,mod
FN:154,mod
FNF:8
FNH:3
FNDA:48,add
FNDA:15,sub
FNDA:35,sub
FNDA:0,mul
FNDA:0,div
FNDA:0,div
FNDA:0,mod
FNDA:0,mod
DA:27,48
DA:28,48
DA:30,48
DA:43,15
DA:59,35
DA:60,35
DA:62,35
DA:78,0
DA:79,0
DA:82,0
DA:83,0
DA:85,0
DA:100,0
DA:118,0
DA:119,0
DA:122,0
DA:137,0
DA:155,0
DA:156,0
LF:19
LH:7
BRDA:28,1,0,48
BRDA:28,1,1,0
BRDA:59,2,0,35
BRDA:59,2,1,0
BRDA:78,3,0,0
BRDA:78,3,1,0
BRDA:83,4,0,0
BRDA:83,4,1,0
BRDA:118,5,0,0
BRDA:118,5,1,0
BRDA:155,6,0,0
BRDA:155,6,1,0
BRF:12
BRH:2
end_of_record
