{"contracts/ECDSA.sol":{"l":{"15":56,"16":56,"17":56,"20":56,"21":14,"25":42,"32":42,"33":0,"37":42,"38":0,"41":42},"path":"/Users/Raid/Mastering_Ethereum/DevelopingFirstDapp/Testing/contracts/contracts/ECDSA.sol","s":{"1":56,"2":56,"3":56,"4":56,"5":14,"6":42,"7":0,"8":42,"9":0,"10":42},"b":{"1":[14,42],"2":[0,42],"3":[0,42]},"f":{"1":56},"fnMap":{"1":{"name":"recover","line":10,"loc":{"start":{"line":10,"column":2},"end":{"line":14,"column":3}}}},"statementMap":{"1":{"start":{"line":15,"column":4},"end":{"line":15,"column":13}},"2":{"start":{"line":16,"column":4},"end":{"line":16,"column":13}},"3":{"start":{"line":17,"column":4},"end":{"line":17,"column":11}},"4":{"start":{"line":20,"column":4},"end":{"line":20,"column":512}},"5":{"start":{"line":21,"column":6},"end":{"line":21,"column":25}},"6":{"start":{"line":32,"column":4},"end":{"line":32,"column":889}},"7":{"start":{"line":33,"column":6},"end":{"line":33,"column":12}},"8":{"start":{"line":37,"column":4},"end":{"line":37,"column":988}},"9":{"start":{"line":38,"column":6},"end":{"line":38,"column":25}},"10":{"start":{"line":41,"column":6},"end":{"line":41,"column":37}}},"branchMap":{"1":{"line":20,"type":"if","locations":[{"start":{"line":20,"column":4},"end":{"line":20,"column":4}},{"start":{"line":20,"column":4},"end":{"line":20,"column":4}}]},"2":{"line":32,"type":"if","locations":[{"start":{"line":32,"column":4},"end":{"line":32,"column":4}},{"start":{"line":32,"column":4},"end":{"line":32,"column":4}}]},"3":{"line":37,"type":"if","locations":[{"start":{"line":37,"column":4},"end":{"line":37,"column":4}},{"start":{"line":37,"column":4},"end":{"line":37,"column":4}}]}}},"contracts/FirstERC.sol":{"l":{"43":2,"50":0,"57":1,"69":6,"70":6,"77":12,"88":0,"89":0,"105":7,"106":7,"107":7,"123":2,"124":2,"142":0,"143":0,"161":13,"162":13,"164":13,"165":13,"166":13,"179":2,"181":2,"182":2,"183":2,"198":0,"200":0,"201":0,"202":0,"219":9,"220":9,"222":9,"223":9,"233":0,"234":0},"path":"/Users/Raid/Mastering_Ethereum/DevelopingFirstDapp/Testing/contracts/contracts/FirstERC.sol","s":{"1":2,"2":0,"3":1,"4":6,"5":6,"6":12,"7":0,"8":0,"9":7,"10":7,"11":7,"12":2,"13":2,"14":0,"15":0,"16":13,"17":13,"18":13,"19":13,"20":13,"21":2,"22":2,"23":2,"24":2,"25":0,"26":0,"27":0,"28":0,"29":9,"30":9,"31":9,"32":9,"33":0,"34":0},"b":{"1":[13,0],"2":[13,0],"3":[2,0],"4":[0,0],"5":[9,0],"6":[9,0]},"f":{"1":2,"2":0,"3":1,"4":6,"5":12,"6":0,"7":7,"8":2,"9":0,"10":13,"11":2,"12":0,"13":9,"14":0},"fnMap":{"1":{"name":"constructor","line":42,"loc":{"start":{"line":42,"column":4},"end":{"line":42,"column":22}}},"2":{"name":"totalSupply","line":49,"loc":{"start":{"line":49,"column":4},"end":{"line":49,"column":54}}},"3":{"name":"balanceOf","line":56,"loc":{"start":{"line":56,"column":4},"end":{"line":56,"column":67}}},"4":{"name":"transfer","line":68,"loc":{"start":{"line":68,"column":4},"end":{"line":68,"column":76}}},"5":{"name":"allowance","line":76,"loc":{"start":{"line":76,"column":4},"end":{"line":76,"column":82}}},"6":{"name":"approve","line":87,"loc":{"start":{"line":87,"column":4},"end":{"line":87,"column":72}}},"7":{"name":"transferFrom","line":104,"loc":{"start":{"line":104,"column":4},"end":{"line":104,"column":96}}},"8":{"name":"increaseAllowance","line":122,"loc":{"start":{"line":122,"column":4},"end":{"line":122,"column":87}}},"9":{"name":"decreaseAllowance","line":141,"loc":{"start":{"line":141,"column":4},"end":{"line":141,"column":92}}},"10":{"name":"_transfer","line":160,"loc":{"start":{"line":160,"column":4},"end":{"line":160,"column":80}}},"11":{"name":"_mint","line":178,"loc":{"start":{"line":178,"column":4},"end":{"line":178,"column":58}}},"12":{"name":"_burn","line":197,"loc":{"start":{"line":197,"column":4},"end":{"line":197,"column":57}}},"13":{"name":"_approve","line":218,"loc":{"start":{"line":218,"column":4},"end":{"line":218,"column":75}}},"14":{"name":"_burnFrom","line":232,"loc":{"start":{"line":232,"column":4},"end":{"line":232,"column":62}}}},"statementMap":{"1":{"start":{"line":43,"column":8},"end":{"line":43,"column":33}},"2":{"start":{"line":50,"column":8},"end":{"line":50,"column":27}},"3":{"start":{"line":57,"column":8},"end":{"line":57,"column":33}},"4":{"start":{"line":69,"column":8},"end":{"line":69,"column":47}},"5":{"start":{"line":70,"column":8},"end":{"line":70,"column":19}},"6":{"start":{"line":77,"column":8},"end":{"line":77,"column":42}},"7":{"start":{"line":88,"column":8},"end":{"line":88,"column":43}},"8":{"start":{"line":89,"column":8},"end":{"line":89,"column":19}},"9":{"start":{"line":105,"column":8},"end":{"line":105,"column":43}},"10":{"start":{"line":106,"column":8},"end":{"line":106,"column":124}},"11":{"start":{"line":107,"column":8},"end":{"line":107,"column":19}},"12":{"start":{"line":123,"column":8},"end":{"line":123,"column":86}},"13":{"start":{"line":124,"column":8},"end":{"line":124,"column":19}},"14":{"start":{"line":142,"column":8},"end":{"line":142,"column":132}},"15":{"start":{"line":143,"column":8},"end":{"line":143,"column":19}},"16":{"start":{"line":161,"column":8},"end":{"line":161,"column":77}},"17":{"start":{"line":162,"column":8},"end":{"line":162,"column":78}},"18":{"start":{"line":164,"column":8},"end":{"line":164,"column":98}},"19":{"start":{"line":165,"column":8},"end":{"line":165,"column":62}},"20":{"start":{"line":166,"column":8},"end":{"line":166,"column":48}},"21":{"start":{"line":179,"column":8},"end":{"line":179,"column":72}},"22":{"start":{"line":181,"column":8},"end":{"line":181,"column":46}},"23":{"start":{"line":182,"column":8},"end":{"line":182,"column":58}},"24":{"start":{"line":183,"column":8},"end":{"line":183,"column":50}},"25":{"start":{"line":198,"column":8},"end":{"line":198,"column":74}},"26":{"start":{"line":200,"column":8},"end":{"line":200,"column":95}},"27":{"start":{"line":201,"column":8},"end":{"line":201,"column":45}},"28":{"start":{"line":202,"column":8},"end":{"line":202,"column":49}},"29":{"start":{"line":219,"column":8},"end":{"line":219,"column":75}},"30":{"start":{"line":220,"column":8},"end":{"line":220,"column":75}},"31":{"start":{"line":222,"column":8},"end":{"line":222,"column":42}},"32":{"start":{"line":223,"column":8},"end":{"line":223,"column":44}},"33":{"start":{"line":233,"column":8},"end":{"line":233,"column":29}},"34":{"start":{"line":234,"column":8},"end":{"line":234,"column":122}}},"branchMap":{"1":{"line":161,"type":"if","locations":[{"start":{"line":161,"column":8},"end":{"line":161,"column":8}},{"start":{"line":161,"column":8},"end":{"line":161,"column":8}}]},"2":{"line":162,"type":"if","locations":[{"start":{"line":162,"column":8},"end":{"line":162,"column":8}},{"start":{"line":162,"column":8},"end":{"line":162,"column":8}}]},"3":{"line":179,"type":"if","locations":[{"start":{"line":179,"column":8},"end":{"line":179,"column":8}},{"start":{"line":179,"column":8},"end":{"line":179,"column":8}}]},"4":{"line":198,"type":"if","locations":[{"start":{"line":198,"column":8},"end":{"line":198,"column":8}},{"start":{"line":198,"column":8},"end":{"line":198,"column":8}}]},"5":{"line":219,"type":"if","locations":[{"start":{"line":219,"column":8},"end":{"line":219,"column":8}},{"start":{"line":219,"column":8},"end":{"line":219,"column":8}}]},"6":{"line":220,"type":"if","locations":[{"start":{"line":220,"column":8},"end":{"line":220,"column":8}},{"start":{"line":220,"column":8},"end":{"line":220,"column":8}}]}}},"contracts/Multisig.sol":{"l":{"25":2,"29":5,"30":5,"31":3,"32":3,"33":3,"34":3,"38":3,"39":3,"40":1,"41":1,"42":1,"48":5,"49":5,"55":4,"56":2,"57":2,"58":2,"65":15,"66":15,"67":13,"68":13,"69":11,"70":8,"71":4,"72":2,"74":4,"76":4,"78":7,"79":7,"80":7,"81":7,"91":7,"92":5,"93":3,"94":1,"95":1,"105":5,"106":3,"107":1,"108":1},"path":"/Users/Raid/Mastering_Ethereum/DevelopingFirstDapp/Testing/contracts/contracts/Multisig.sol","s":{"1":2,"2":5,"3":5,"4":3,"5":3,"6":3,"7":3,"8":3,"9":1,"10":1,"11":5,"12":5,"13":4,"14":2,"15":2,"16":2,"17":15,"18":15,"19":13,"20":13,"21":11,"22":8,"23":4,"24":2,"25":4,"26":4,"27":7,"28":7,"29":7,"30":7,"31":5,"32":3,"33":1,"34":1,"35":5,"36":3,"37":1,"38":1},"b":{"1":[3,2],"2":[1,2],"3":[2,2],"4":[13,2],"5":[11,2],"6":[8,3],"7":[4,4],"8":[2,2],"9":[2,2],"10":[5,2],"11":[3,2],"12":[1,2],"13":[3,2],"14":[1,2]},"f":{"1":2,"2":5,"3":3,"4":5,"5":4,"6":15,"7":7,"8":5},"fnMap":{"1":{"name":"constructor","line":24,"loc":{"start":{"line":24,"column":4},"end":{"line":24,"column":22}}},"2":{"name":"setDailyLimit","line":28,"loc":{"start":{"line":28,"column":4},"end":{"line":28,"column":73}}},"3":{"name":"withdrawLimit","line":37,"loc":{"start":{"line":37,"column":4},"end":{"line":37,"column":56}}},"4":{"name":"deposit_CIx","line":45,"loc":{"start":{"line":45,"column":4},"end":{"line":47,"column":17}}},"5":{"name":"deposit","line":52,"loc":{"start":{"line":52,"column":4},"end":{"line":54,"column":17}}},"6":{"name":"verifyTransaction_26e","line":61,"loc":{"start":{"line":61,"column":4},"end":{"line":64,"column":9}}},"7":{"name":"recoverFundsToSafeAddress","line":84,"loc":{"start":{"line":84,"column":4},"end":{"line":90,"column":9}}},"8":{"name":"recoverFunds","line":98,"loc":{"start":{"line":98,"column":4},"end":{"line":104,"column":9}}}},"statementMap":{"1":{"start":{"line":25,"column":8},"end":{"line":25,"column":25}},"2":{"start":{"line":29,"column":8},"end":{"line":29,"column":105}},"3":{"start":{"line":30,"column":8},"end":{"line":30,"column":146}},"4":{"start":{"line":31,"column":8},"end":{"line":31,"column":46}},"5":{"start":{"line":32,"column":8},"end":{"line":32,"column":36}},"6":{"start":{"line":34,"column":8},"end":{"line":34,"column":51}},"7":{"start":{"line":38,"column":8},"end":{"line":38,"column":96}},"8":{"start":{"line":39,"column":8},"end":{"line":39,"column":146}},"9":{"start":{"line":40,"column":8},"end":{"line":40,"column":37}},"10":{"start":{"line":42,"column":8},"end":{"line":42,"column":51}},"11":{"start":{"line":48,"column":12},"end":{"line":48,"column":79}},"12":{"start":{"line":49,"column":12},"end":{"line":49,"column":55}},"13":{"start":{"line":55,"column":12},"end":{"line":55,"column":71}},"14":{"start":{"line":56,"column":12},"end":{"line":56,"column":79}},"15":{"start":{"line":57,"column":12},"end":{"line":57,"column":45}},"16":{"start":{"line":58,"column":12},"end":{"line":58,"column":55}},"17":{"start":{"line":65,"column":12},"end":{"line":65,"column":37}},"18":{"start":{"line":66,"column":12},"end":{"line":66,"column":66}},"19":{"start":{"line":67,"column":12},"end":{"line":67,"column":100}},"20":{"start":{"line":68,"column":12},"end":{"line":68,"column":142}},"21":{"start":{"line":69,"column":12},"end":{"line":69,"column":2986}},"22":{"start":{"line":70,"column":16},"end":{"line":70,"column":3038}},"23":{"start":{"line":71,"column":20},"end":{"line":71,"column":103}},"24":{"start":{"line":72,"column":20},"end":{"line":72,"column":59}},"25":{"start":{"line":74,"column":20},"end":{"line":74,"column":137}},"26":{"start":{"line":76,"column":16},"end":{"line":76,"column":76}},"27":{"start":{"line":78,"column":12},"end":{"line":78,"column":64}},"28":{"start":{"line":79,"column":12},"end":{"line":79,"column":55}},"29":{"start":{"line":81,"column":12},"end":{"line":81,"column":30}},"30":{"start":{"line":91,"column":12},"end":{"line":91,"column":120}},"31":{"start":{"line":92,"column":12},"end":{"line":92,"column":66}},"32":{"start":{"line":93,"column":12},"end":{"line":93,"column":68}},"33":{"start":{"line":94,"column":12},"end":{"line":94,"column":64}},"34":{"start":{"line":95,"column":12},"end":{"line":95,"column":30}},"35":{"start":{"line":105,"column":12},"end":{"line":105,"column":117}},"36":{"start":{"line":106,"column":12},"end":{"line":106,"column":66}},"37":{"start":{"line":107,"column":12},"end":{"line":107,"column":64}},"38":{"start":{"line":108,"column":12},"end":{"line":108,"column":30}}},"branchMap":{"1":{"line":30,"type":"if","locations":[{"start":{"line":30,"column":8},"end":{"line":30,"column":8}},{"start":{"line":30,"column":8},"end":{"line":30,"column":8}}]},"2":{"line":39,"type":"if","locations":[{"start":{"line":39,"column":8},"end":{"line":39,"column":8}},{"start":{"line":39,"column":8},"end":{"line":39,"column":8}}]},"3":{"line":55,"type":"if","locations":[{"start":{"line":55,"column":12},"end":{"line":55,"column":12}},{"start":{"line":55,"column":12},"end":{"line":55,"column":12}}]},"4":{"line":66,"type":"if","locations":[{"start":{"line":66,"column":12},"end":{"line":66,"column":12}},{"start":{"line":66,"column":12},"end":{"line":66,"column":12}}]},"5":{"line":68,"type":"if","locations":[{"start":{"line":68,"column":12},"end":{"line":68,"column":12}},{"start":{"line":68,"column":12},"end":{"line":68,"column":12}}]},"6":{"line":69,"type":"if","locations":[{"start":{"line":69,"column":12},"end":{"line":69,"column":12}},{"start":{"line":69,"column":12},"end":{"line":69,"column":12}}]},"7":{"line":70,"type":"if","locations":[{"start":{"line":70,"column":16},"end":{"line":70,"column":16}},{"start":{"line":70,"column":16},"end":{"line":70,"column":16}}]},"8":{"line":71,"type":"if","locations":[{"start":{"line":71,"column":20},"end":{"line":71,"column":20}},{"start":{"line":71,"column":20},"end":{"line":71,"column":20}}]},"9":{"line":74,"type":"if","locations":[{"start":{"line":74,"column":20},"end":{"line":74,"column":20}},{"start":{"line":74,"column":20},"end":{"line":74,"column":20}}]},"10":{"line":91,"type":"if","locations":[{"start":{"line":91,"column":12},"end":{"line":91,"column":12}},{"start":{"line":91,"column":12},"end":{"line":91,"column":12}}]},"11":{"line":92,"type":"if","locations":[{"start":{"line":92,"column":12},"end":{"line":92,"column":12}},{"start":{"line":92,"column":12},"end":{"line":92,"column":12}}]},"12":{"line":93,"type":"if","locations":[{"start":{"line":93,"column":12},"end":{"line":93,"column":12}},{"start":{"line":93,"column":12},"end":{"line":93,"column":12}}]},"13":{"line":105,"type":"if","locations":[{"start":{"line":105,"column":12},"end":{"line":105,"column":12}},{"start":{"line":105,"column":12},"end":{"line":105,"column":12}}]},"14":{"line":106,"type":"if","locations":[{"start":{"line":106,"column":12},"end":{"line":106,"column":12}},{"start":{"line":106,"column":12},"end":{"line":106,"column":12}}]}}},"contracts/MultisigERC20.sol":{"l":{"26":5,"27":5,"31":2,"39":2,"41":2,"49":3,"51":1,"53":1,"57":3,"58":3,"59":2,"60":2,"61":2,"62":2,"66":1,"67":1,"68":1,"69":1,"70":1,"71":1,"75":10,"77":8,"78":8,"80":8,"82":8,"84":6,"86":6,"87":6,"88":6,"92":7,"93":5,"95":3,"96":3,"98":3,"100":3,"102":1,"104":1,"105":1,"106":1,"107":1,"120":12,"121":12,"122":10,"123":10,"124":8,"125":7,"126":3,"127":1,"129":4,"131":3,"133":4,"135":4,"136":4,"137":4,"138":4,"139":4,"143":7,"144":5,"145":3,"146":1,"147":1,"148":1,"149":1,"153":5,"154":3,"155":1,"156":1,"157":1,"158":1},"path":"/Users/Raid/Mastering_Ethereum/DevelopingFirstDapp/Testing/contracts/contracts/MultisigERC20.sol","s":{"1":5,"2":2,"3":2,"4":2,"5":3,"6":1,"7":3,"8":3,"9":2,"10":2,"11":2,"12":1,"13":1,"14":1,"15":1,"16":1,"17":10,"18":8,"19":8,"20":8,"21":8,"22":6,"23":6,"24":6,"25":6,"26":7,"27":5,"28":3,"29":3,"30":3,"31":3,"32":1,"33":1,"34":1,"35":1,"36":1,"37":12,"38":12,"39":10,"40":10,"41":8,"42":7,"43":3,"44":1,"45":4,"46":3,"47":4,"48":4,"49":4,"50":4,"51":4,"52":7,"53":5,"54":3,"55":1,"56":1,"57":1,"58":1,"59":5,"60":3,"61":1,"62":1,"63":1,"64":1},"b":{"1":[5,0],"2":[1,2],"3":[2,1],"4":[1,0],"5":[8,2],"6":[6,2],"7":[5,2],"8":[3,2],"9":[1,2],"10":[10,2],"11":[8,2],"12":[7,1],"13":[3,4],"14":[1,2],"15":[2,2],"16":[5,2],"17":[3,2],"18":[1,2],"19":[3,2],"20":[1,2]},"f":{"1":5,"2":2,"3":2,"4":3,"5":3,"6":1,"7":10,"8":7,"9":12,"10":7,"11":5},"fnMap":{"1":{"name":"onlyOwner","line":25,"loc":{"start":{"line":25,"column":4},"end":{"line":25,"column":20}}},"2":{"name":"constructor","line":30,"loc":{"start":{"line":30,"column":4},"end":{"line":30,"column":22}}},"3":{"name":"addNewToken","line":35,"loc":{"start":{"line":35,"column":4},"end":{"line":38,"column":24}}},"4":{"name":"removeToken","line":45,"loc":{"start":{"line":45,"column":4},"end":{"line":48,"column":24}}},"5":{"name":"setDailyLimit","line":56,"loc":{"start":{"line":56,"column":4},"end":{"line":56,"column":90}}},"6":{"name":"withdrawLimit","line":65,"loc":{"start":{"line":65,"column":4},"end":{"line":65,"column":73}}},"7":{"name":"depositFunds_xur","line":74,"loc":{"start":{"line":74,"column":4},"end":{"line":74,"column":83}}},"8":{"name":"depositFunds","line":91,"loc":{"start":{"line":91,"column":4},"end":{"line":91,"column":99}}},"9":{"name":"verifyTransaction__ef","line":111,"loc":{"start":{"line":111,"column":4},"end":{"line":119,"column":9}}},"10":{"name":"recoverFundsToSafeAddress","line":142,"loc":{"start":{"line":142,"column":4},"end":{"line":142,"column":105}}},"11":{"name":"recoverFunds","line":152,"loc":{"start":{"line":152,"column":4},"end":{"line":152,"column":92}}}},"statementMap":{"1":{"start":{"line":26,"column":6},"end":{"line":26,"column":33}},"2":{"start":{"line":31,"column":8},"end":{"line":31,"column":25}},"3":{"start":{"line":39,"column":8},"end":{"line":39,"column":33}},"4":{"start":{"line":41,"column":8},"end":{"line":41,"column":19}},"5":{"start":{"line":49,"column":6},"end":{"line":49,"column":67}},"6":{"start":{"line":53,"column":6},"end":{"line":53,"column":17}},"7":{"start":{"line":57,"column":8},"end":{"line":57,"column":114}},"8":{"start":{"line":58,"column":8},"end":{"line":58,"column":155}},"9":{"start":{"line":59,"column":8},"end":{"line":59,"column":55}},"10":{"start":{"line":60,"column":8},"end":{"line":60,"column":45}},"11":{"start":{"line":62,"column":8},"end":{"line":62,"column":51}},"12":{"start":{"line":66,"column":8},"end":{"line":66,"column":105}},"13":{"start":{"line":67,"column":8},"end":{"line":67,"column":155}},"14":{"start":{"line":68,"column":8},"end":{"line":68,"column":49}},"15":{"start":{"line":69,"column":8},"end":{"line":69,"column":46}},"16":{"start":{"line":71,"column":8},"end":{"line":71,"column":51}},"17":{"start":{"line":75,"column":8},"end":{"line":75,"column":69}},"18":{"start":{"line":77,"column":8},"end":{"line":77,"column":43}},"19":{"start":{"line":78,"column":8},"end":{"line":78,"column":34}},"20":{"start":{"line":80,"column":8},"end":{"line":80,"column":43}},"21":{"start":{"line":82,"column":8},"end":{"line":82,"column":117}},"22":{"start":{"line":84,"column":8},"end":{"line":84,"column":65}},"23":{"start":{"line":86,"column":8},"end":{"line":86,"column":91}},"24":{"start":{"line":87,"column":8},"end":{"line":87,"column":51}},"25":{"start":{"line":88,"column":8},"end":{"line":88,"column":19}},"26":{"start":{"line":92,"column":8},"end":{"line":92,"column":78}},"27":{"start":{"line":93,"column":8},"end":{"line":93,"column":69}},"28":{"start":{"line":95,"column":8},"end":{"line":95,"column":43}},"29":{"start":{"line":96,"column":8},"end":{"line":96,"column":34}},"30":{"start":{"line":98,"column":8},"end":{"line":98,"column":43}},"31":{"start":{"line":100,"column":8},"end":{"line":100,"column":117}},"32":{"start":{"line":102,"column":8},"end":{"line":102,"column":65}},"33":{"start":{"line":104,"column":8},"end":{"line":104,"column":91}},"34":{"start":{"line":105,"column":8},"end":{"line":105,"column":51}},"35":{"start":{"line":106,"column":8},"end":{"line":106,"column":51}},"36":{"start":{"line":107,"column":8},"end":{"line":107,"column":19}},"37":{"start":{"line":120,"column":12},"end":{"line":120,"column":37}},"38":{"start":{"line":121,"column":12},"end":{"line":121,"column":80}},"39":{"start":{"line":122,"column":12},"end":{"line":122,"column":109}},"40":{"start":{"line":123,"column":12},"end":{"line":123,"column":151}},"41":{"start":{"line":124,"column":12},"end":{"line":124,"column":5286}},"42":{"start":{"line":125,"column":16},"end":{"line":125,"column":5347}},"43":{"start":{"line":126,"column":20},"end":{"line":126,"column":112}},"44":{"start":{"line":127,"column":20},"end":{"line":127,"column":68}},"45":{"start":{"line":129,"column":20},"end":{"line":129,"column":155}},"46":{"start":{"line":131,"column":16},"end":{"line":131,"column":94}},"47":{"start":{"line":133,"column":12},"end":{"line":133,"column":47}},"48":{"start":{"line":135,"column":12},"end":{"line":135,"column":47}},"49":{"start":{"line":136,"column":12},"end":{"line":136,"column":92}},"50":{"start":{"line":137,"column":12},"end":{"line":137,"column":55}},"51":{"start":{"line":139,"column":12},"end":{"line":139,"column":46}},"52":{"start":{"line":143,"column":8},"end":{"line":143,"column":117}},"53":{"start":{"line":144,"column":8},"end":{"line":144,"column":78}},"54":{"start":{"line":145,"column":8},"end":{"line":145,"column":75}},"55":{"start":{"line":146,"column":8},"end":{"line":146,"column":43}},"56":{"start":{"line":147,"column":8},"end":{"line":147,"column":43}},"57":{"start":{"line":148,"column":8},"end":{"line":148,"column":91}},"58":{"start":{"line":149,"column":8},"end":{"line":149,"column":44}},"59":{"start":{"line":153,"column":8},"end":{"line":153,"column":114}},"60":{"start":{"line":154,"column":8},"end":{"line":154,"column":78}},"61":{"start":{"line":155,"column":8},"end":{"line":155,"column":43}},"62":{"start":{"line":156,"column":8},"end":{"line":156,"column":43}},"63":{"start":{"line":157,"column":8},"end":{"line":157,"column":91}},"64":{"start":{"line":158,"column":8},"end":{"line":158,"column":44}}},"branchMap":{"1":{"line":26,"type":"if","locations":[{"start":{"line":26,"column":6},"end":{"line":26,"column":6}},{"start":{"line":26,"column":6},"end":{"line":26,"column":6}}]},"2":{"line":49,"type":"if","locations":[{"start":{"line":49,"column":6},"end":{"line":49,"column":6}},{"start":{"line":49,"column":6},"end":{"line":49,"column":6}}]},"3":{"line":58,"type":"if","locations":[{"start":{"line":58,"column":8},"end":{"line":58,"column":8}},{"start":{"line":58,"column":8},"end":{"line":58,"column":8}}]},"4":{"line":67,"type":"if","locations":[{"start":{"line":67,"column":8},"end":{"line":67,"column":8}},{"start":{"line":67,"column":8},"end":{"line":67,"column":8}}]},"5":{"line":75,"type":"if","locations":[{"start":{"line":75,"column":8},"end":{"line":75,"column":8}},{"start":{"line":75,"column":8},"end":{"line":75,"column":8}}]},"6":{"line":82,"type":"if","locations":[{"start":{"line":82,"column":8},"end":{"line":82,"column":8}},{"start":{"line":82,"column":8},"end":{"line":82,"column":8}}]},"7":{"line":92,"type":"if","locations":[{"start":{"line":92,"column":8},"end":{"line":92,"column":8}},{"start":{"line":92,"column":8},"end":{"line":92,"column":8}}]},"8":{"line":93,"type":"if","locations":[{"start":{"line":93,"column":8},"end":{"line":93,"column":8}},{"start":{"line":93,"column":8},"end":{"line":93,"column":8}}]},"9":{"line":100,"type":"if","locations":[{"start":{"line":100,"column":8},"end":{"line":100,"column":8}},{"start":{"line":100,"column":8},"end":{"line":100,"column":8}}]},"10":{"line":121,"type":"if","locations":[{"start":{"line":121,"column":12},"end":{"line":121,"column":12}},{"start":{"line":121,"column":12},"end":{"line":121,"column":12}}]},"11":{"line":123,"type":"if","locations":[{"start":{"line":123,"column":12},"end":{"line":123,"column":12}},{"start":{"line":123,"column":12},"end":{"line":123,"column":12}}]},"12":{"line":124,"type":"if","locations":[{"start":{"line":124,"column":12},"end":{"line":124,"column":12}},{"start":{"line":124,"column":12},"end":{"line":124,"column":12}}]},"13":{"line":125,"type":"if","locations":[{"start":{"line":125,"column":16},"end":{"line":125,"column":16}},{"start":{"line":125,"column":16},"end":{"line":125,"column":16}}]},"14":{"line":126,"type":"if","locations":[{"start":{"line":126,"column":20},"end":{"line":126,"column":20}},{"start":{"line":126,"column":20},"end":{"line":126,"column":20}}]},"15":{"line":129,"type":"if","locations":[{"start":{"line":129,"column":20},"end":{"line":129,"column":20}},{"start":{"line":129,"column":20},"end":{"line":129,"column":20}}]},"16":{"line":143,"type":"if","locations":[{"start":{"line":143,"column":8},"end":{"line":143,"column":8}},{"start":{"line":143,"column":8},"end":{"line":143,"column":8}}]},"17":{"line":144,"type":"if","locations":[{"start":{"line":144,"column":8},"end":{"line":144,"column":8}},{"start":{"line":144,"column":8},"end":{"line":144,"column":8}}]},"18":{"line":145,"type":"if","locations":[{"start":{"line":145,"column":8},"end":{"line":145,"column":8}},{"start":{"line":145,"column":8},"end":{"line":145,"column":8}}]},"19":{"line":153,"type":"if","locations":[{"start":{"line":153,"column":8},"end":{"line":153,"column":8}},{"start":{"line":153,"column":8},"end":{"line":153,"column":8}}]},"20":{"line":154,"type":"if","locations":[{"start":{"line":154,"column":8},"end":{"line":154,"column":8}},{"start":{"line":154,"column":8},"end":{"line":154,"column":8}}]}}},"contracts/SafeMath.sol":{"l":{"27":48,"28":48,"30":48,"43":15,"59":35,"60":35,"62":35,"78":0,"79":0,"82":0,"83":0,"85":0,"100":0,"118":0,"119":0,"122":0,"137":0,"155":0,"156":0},"path":"/Users/Raid/Mastering_Ethereum/DevelopingFirstDapp/Testing/contracts/contracts/SafeMath.sol","s":{"1":48,"2":48,"3":48,"4":15,"5":35,"6":35,"7":35,"8":0,"9":0,"10":0,"11":0,"12":0,"13":0,"14":0,"15":0,"16":0,"17":0,"18":0,"19":0},"b":{"1":[48,0],"2":[35,0],"3":[0,0],"4":[0,0],"5":[0,0],"6":[0,0]},"f":{"1":48,"2":15,"3":35,"4":0,"5":0,"6":0,"7":0,"8":0},"fnMap":{"1":{"name":"add","line":26,"loc":{"start":{"line":26,"column":4},"end":{"line":26,"column":68}}},"2":{"name":"sub","line":42,"loc":{"start":{"line":42,"column":4},"end":{"line":42,"column":68}}},"3":{"name":"sub","line":58,"loc":{"start":{"line":58,"column":4},"end":{"line":58,"column":96}}},"4":{"name":"mul","line":74,"loc":{"start":{"line":74,"column":4},"end":{"line":74,"column":68}}},"5":{"name":"div","line":99,"loc":{"start":{"line":99,"column":4},"end":{"line":99,"column":68}}},"6":{"name":"div","line":116,"loc":{"start":{"line":116,"column":4},"end":{"line":116,"column":96}}},"7":{"name":"mod","line":136,"loc":{"start":{"line":136,"column":4},"end":{"line":136,"column":68}}},"8":{"name":"mod","line":154,"loc":{"start":{"line":154,"column":4},"end":{"line":154,"column":96}}}},"statementMap":{"1":{"start":{"line":27,"column":8},"end":{"line":27,"column":25}},"2":{"start":{"line":28,"column":8},"end":{"line":28,"column":53}},"3":{"start":{"line":30,"column":8},"end":{"line":30,"column":16}},"4":{"start":{"line":43,"column":8},"end":{"line":43,"column":58}},"5":{"start":{"line":59,"column":8},"end":{"line":59,"column":36}},"6":{"start":{"line":60,"column":8},"end":{"line":60,"column":25}},"7":{"start":{"line":62,"column":8},"end":{"line":62,"column":16}},"8":{"start":{"line":78,"column":8},"end":{"line":78,"column":2575}},"9":{"start":{"line":79,"column":12},"end":{"line":79,"column":20}},"10":{"start":{"line":82,"column":8},"end":{"line":82,"column":25}},"11":{"start":{"line":83,"column":8},"end":{"line":83,"column":63}},"12":{"start":{"line":85,"column":8},"end":{"line":85,"column":16}},"13":{"start":{"line":100,"column":8},"end":{"line":100,"column":54}},"14":{"start":{"line":118,"column":8},"end":{"line":118,"column":35}},"15":{"start":{"line":119,"column":8},"end":{"line":119,"column":25}},"16":{"start":{"line":122,"column":8},"end":{"line":122,"column":16}},"17":{"start":{"line":137,"column":8},"end":{"line":137,"column":52}},"18":{"start":{"line":155,"column":8},"end":{"line":155,"column":36}},"19":{"start":{"line":156,"column":8},"end":{"line":156,"column":20}}},"branchMap":{"1":{"line":28,"type":"if","locations":[{"start":{"line":28,"column":8},"end":{"line":28,"column":8}},{"start":{"line":28,"column":8},"end":{"line":28,"column":8}}]},"2":{"line":59,"type":"if","locations":[{"start":{"line":59,"column":8},"end":{"line":59,"column":8}},{"start":{"line":59,"column":8},"end":{"line":59,"column":8}}]},"3":{"line":78,"type":"if","locations":[{"start":{"line":78,"column":8},"end":{"line":78,"column":8}},{"start":{"line":78,"column":8},"end":{"line":78,"column":8}}]},"4":{"line":83,"type":"if","locations":[{"start":{"line":83,"column":8},"end":{"line":83,"column":8}},{"start":{"line":83,"column":8},"end":{"line":83,"column":8}}]},"5":{"line":118,"type":"if","locations":[{"start":{"line":118,"column":8},"end":{"line":118,"column":8}},{"start":{"line":118,"column":8},"end":{"line":118,"column":8}}]},"6":{"line":155,"type":"if","locations":[{"start":{"line":155,"column":8},"end":{"line":155,"column":8}},{"start":{"line":155,"column":8},"end":{"line":155,"column":8}}]}}}}